<?xml version="1.0" encoding="UTF-8"?>
<!-- Generated by org.testng.reporters.JUnitXMLReporter -->
<testsuite hostname="DESKTOP-THI3GUN" name="Test1" tests="3" failures="0" timestamp="21 Feb 2021 18:47:32 GMT" time="32.506" errors="0">
  <testcase name="googleSearch" time="4.736" classname="Selenium_Java_Framework.Selenium_Java_Framework.TestNgDemo"/>
  <testcase name="googleSearch2" time="10.916" classname="Selenium_Java_Framework.Selenium_Java_Framework.TestNgDemo2"/>
  <testcase name="googleSearch3" time="9.441" classname="Selenium_Java_Framework.Selenium_Java_Framework.TestNgDemo3"/>
</testsuite> <!-- Test1 -->
