<?xml version="1.0" encoding="UTF-8"?>
<testng-results skipped="0" failed="0" total="4" passed="4">
  <reporter-output>
  </reporter-output>
  <suite name="Suite1" duration-ms="57913" started-at="2021-02-21T18:46:59Z" finished-at="2021-02-21T18:47:57Z">
    <groups>
    </groups>
    <test name="Test1" duration-ms="32506" started-at="2021-02-21T18:46:59Z" finished-at="2021-02-21T18:47:32Z">
      <class name="Selenium_Java_Framework.Selenium_Java_Framework.TestNgDemo">
        <test-method status="PASS" signature="setUpTest()[pri:0, instance:Selenium_Java_Framework.Selenium_Java_Framework.TestNgDemo@55f3ddb1]" name="setUpTest" is-config="true" duration-ms="2408" started-at="2021-02-22T00:16:59Z" finished-at="2021-02-22T00:17:02Z">
          <reporter-output>
          </reporter-output>
        </test-method> <!-- setUpTest -->
        <test-method status="PASS" signature="setUpTest()[pri:0, instance:Selenium_Java_Framework.Selenium_Java_Framework.TestNgDemo2@2a2d45ba]" name="setUpTest" is-config="true" duration-ms="1751" started-at="2021-02-22T00:17:02Z" finished-at="2021-02-22T00:17:03Z">
          <reporter-output>
          </reporter-output>
        </test-method> <!-- setUpTest -->
        <test-method status="PASS" signature="setUpTest()[pri:0, instance:Selenium_Java_Framework.Selenium_Java_Framework.TestNgDemo3@8bd1b6a]" name="setUpTest" is-config="true" duration-ms="1670" started-at="2021-02-22T00:17:03Z" finished-at="2021-02-22T00:17:05Z">
          <reporter-output>
          </reporter-output>
        </test-method> <!-- setUpTest -->
        <test-method status="PASS" signature="googleSearch()[pri:0, instance:Selenium_Java_Framework.Selenium_Java_Framework.TestNgDemo@55f3ddb1]" name="googleSearch" duration-ms="4736" started-at="2021-02-22T00:17:05Z" finished-at="2021-02-22T00:17:10Z">
          <reporter-output>
          </reporter-output>
        </test-method> <!-- googleSearch -->
        <test-method status="PASS" signature="tearDown()[pri:0, instance:Selenium_Java_Framework.Selenium_Java_Framework.TestNgDemo@55f3ddb1]" name="tearDown" is-config="true" duration-ms="4132" started-at="2021-02-22T00:17:19Z" finished-at="2021-02-22T00:17:23Z">
          <reporter-output>
          </reporter-output>
        </test-method> <!-- tearDown -->
        <test-method status="PASS" signature="tearDown()[pri:0, instance:Selenium_Java_Framework.Selenium_Java_Framework.TestNgDemo2@2a2d45ba]" name="tearDown" is-config="true" duration-ms="4159" started-at="2021-02-22T00:17:23Z" finished-at="2021-02-22T00:17:27Z">
          <reporter-output>
          </reporter-output>
        </test-method> <!-- tearDown -->
        <test-method status="PASS" signature="tearDown()[pri:0, instance:Selenium_Java_Framework.Selenium_Java_Framework.TestNgDemo3@8bd1b6a]" name="tearDown" is-config="true" duration-ms="4174" started-at="2021-02-22T00:17:27Z" finished-at="2021-02-22T00:17:32Z">
          <reporter-output>
          </reporter-output>
        </test-method> <!-- tearDown -->
      </class> <!-- Selenium_Java_Framework.Selenium_Java_Framework.TestNgDemo -->
      <class name="Selenium_Java_Framework.Selenium_Java_Framework.TestNgDemo3">
        <test-method status="PASS" signature="googleSearch3()[pri:0, instance:Selenium_Java_Framework.Selenium_Java_Framework.TestNgDemo3@8bd1b6a]" name="googleSearch3" duration-ms="9441" started-at="2021-02-22T00:17:10Z" finished-at="2021-02-22T00:17:19Z">
          <reporter-output>
          </reporter-output>
        </test-method> <!-- googleSearch3 -->
      </class> <!-- Selenium_Java_Framework.Selenium_Java_Framework.TestNgDemo3 -->
      <class name="Selenium_Java_Framework.Selenium_Java_Framework.TestNgDemo2">
        <test-method status="PASS" signature="googleSearch2()[pri:0, instance:Selenium_Java_Framework.Selenium_Java_Framework.TestNgDemo2@2a2d45ba]" name="googleSearch2" duration-ms="10916" started-at="2021-02-22T00:17:05Z" finished-at="2021-02-22T00:17:16Z">
          <reporter-output>
          </reporter-output>
        </test-method> <!-- googleSearch2 -->
      </class> <!-- Selenium_Java_Framework.Selenium_Java_Framework.TestNgDemo2 -->
    </test> <!-- Test1 -->
    <test name="Test2" duration-ms="25356" started-at="2021-02-21T18:47:32Z" finished-at="2021-02-21T18:47:57Z">
      <class name="Selenium_Java_Framework.Selenium_Java_Framework.TestNgDemo">
        <test-method status="PASS" signature="setUpTest()[pri:0, instance:Selenium_Java_Framework.Selenium_Java_Framework.TestNgDemo@47c62251]" name="setUpTest" is-config="true" duration-ms="2767" started-at="2021-02-22T00:17:32Z" finished-at="2021-02-22T00:17:34Z">
          <reporter-output>
          </reporter-output>
        </test-method> <!-- setUpTest -->
        <test-method status="PASS" signature="googleSearch()[pri:0, instance:Selenium_Java_Framework.Selenium_Java_Framework.TestNgDemo@47c62251]" name="googleSearch" duration-ms="22286" started-at="2021-02-22T00:17:34Z" finished-at="2021-02-22T00:17:57Z">
          <reporter-output>
          </reporter-output>
        </test-method> <!-- googleSearch -->
        <test-method status="PASS" signature="tearDown()[pri:0, instance:Selenium_Java_Framework.Selenium_Java_Framework.TestNgDemo@47c62251]" name="tearDown" is-config="true" duration-ms="266" started-at="2021-02-22T00:17:57Z" finished-at="2021-02-22T00:17:57Z">
          <reporter-output>
          </reporter-output>
        </test-method> <!-- tearDown -->
      </class> <!-- Selenium_Java_Framework.Selenium_Java_Framework.TestNgDemo -->
    </test> <!-- Test2 -->
  </suite> <!-- Suite1 -->
</testng-results>
